0 cicn 0: 
1 cico 0: 
2 cicq 0: 
3 cics 0: 
4 cict 0: 
5 cida 1: 322 
6 cidc 0: 
7 cide 22: 498 468 462 444 368 359 326 315 297 200 193 184 179 174 168 141 125 108 95 72 35 32 
8 cidh 0: 
9 cidi 0: 
10 cidl 0: 
11 cido 0: 
12 cidp 0: 
13 cidr 0: 
14 cidt 0: 
15 cidu 0: 
16 cidx 0: 
17 ciec 0: 
18 ciel 0: 
19 ciem 0: 
20 cien 48: 494 480 477 472 462 455 443 442 440 438 426 425 423 412 386 380 379 339 337 319 304 285 273 221 208 207 205 201 175 166 145 133 113 104 102 88 75 62 59 52 49 38 26 25 20 16 12 2 
21 ciep 0: 
22 cier 2: 357 212 
23 cies 57: 490 489 488 482 479 477 466 457 455 454 453 452 451 450 449 447 437 436 435 434 407 403 402 399 398 397 365 362 346 324 314 282 268 266 265 261 258 257 256 255 254 253 252 251 250 249 248 247 246 245 244 188 140 76 38 11 4 
24 cife 0: 
25 cifi 13: 471 465 462 445 408 331 293 135 133 60 48 45 20 
26 cifj 0: 
27 cifo 1: 452 
28 cigb 0: 
29 cign 0: 
30 cigu 0: 
31 ciha 0: 
32 cihc 0: 
33 cihi 0: 
34 ciid 0: 
35 ciii 0: 
36 ciip 0: 
37 ciir 0: 
38 ciit 0: 
39 ciiu 0: 
40 cija 0: 
41 cije 0: 
42 cijf 0: 
43 ciji 0: 
44 cijq 0: 
45 cijs 0: 
46 cikm 0: 
47 cikn 0: 
48 ciko 0: 
49 cikz 0: 
50 cila 0: 
51 cile 0: 
52 cili 9: 494 465 363 297 85 76 75 72 25 
53 ciln 0: 
54 cils 0: 
55 cilt 0: 
56 cima 0: 
57 cimd 0: 
58 cime 2: 477 373 
59 cimf 0: 
60 cimi 0: 
61 ciml 0: 
62 cimm 0: 
63 cimo 1: 52 
64 cims 0: 
65 cimu 0: 
66 cina 3: 449 283 127 
67 cinc 0: 
68 cind 0: 
69 cine 29: 495 493 417 405 369 239 238 211 206 201 200 183 179 172 170 161 151 142 140 131 130 129 128 37 25 18 15 11 5 
70 cinf 2: 384 285 
71 cing 20: 422 365 315 286 231 221 155 144 122 100 95 83 74 62 60 53 50 39 22 8 
72 cini 4: 460 459 454 261 
73 cinj 0: 
74 cinn 1: 436 
75 cino 3: 481 95 15 
76 cinq 0: 
77 cinr 0: 
78 cint 2: 370 95 
79 cinz 0: 
80 cioe 0: 
81 cioh 0: 
82 cion 1: 367 
83 ciop 0: 
84 cios 1: 140 
85 cipa 30: 487 469 458 445 442 438 425 404 395 356 353 333 327 316 308 296 295 283 215 207 202 195 186 97 94 73 52 50 38 22 
86 cipb 0: 
87 cipc 0: 
88 cipe 0: 
89 cipi 2: 468 192 
90 cipo 0: 
91 cipr 1: 62 
92 cips 0: 
93 cipy 0: 
94 ciqa 0: 
95 ciqc 0: 
96 ciqj 0: 
97 ciqn 0: 
98 ciqv 0: 
99 cirE 0: 
100 cira 0: 
101 circ 16: 460 432 431 429 414 385 368 366 288 227 194 111 69 34 5 4 
102 cire 0: 
103 ciri 0: 
104 cirl 0: 
105 cirm 0: 
106 ciro 0: 
107 cirp 0: 
108 cirr 0: 
109 cirs 0: 
110 cirt 0: 
111 cisa 0: 
112 cisb 0: 
113 cisc 7: 320 260 221 181 161 114 92 
114 cise 6: 414 408 286 209 200 113 
115 cisi 9: 472 418 390 365 317 301 297 151 125 
116 cisl 0: 
117 cism 3: 167 150 104 
118 ciso 0: 
119 cisp 0: 
120 cisq 0: 
121 cisr 0: 
122 ciss 0: 
123 cist 3: 491 237 211 
124 cisv 0: 
125 cita 13: 494 472 469 467 462 424 420 382 359 75 71 35 9 
126 cite 162: 499 496 493 487 486 481 480 477 472 469 466 463 462 460 457 454 451 449 447 444 439 436 434 431 420 417 411 408 405 403 399 398 397 396 395 387 386 384 382 378 376 375 374 369 368 366 363 362 361 360 358 356 353 351 350 349 347 342 335 334 330 325 322 320 319 318 312 310 309 307 304 303 294 293 292 289 288 287 286 279 272 265 263 258 257 256 255 254 253 252 251 250 249 248 247 246 245 244 239 237 232 225 221 218 217 215 211 204 199 198 193 189 186 183 178 172 166 164 163 156 150 147 139 138 137 135 132 130 126 122 121 120 115 109 98 96 89 88 86 79 76 75 73 72 71 69 68 62 60 55 53 51 45 37 32 31 27 13 11 5 4 2 
127 citi 23: 464 458 425 419 418 401 386 361 350 343 336 327 308 297 293 287 227 197 180 163 107 65 16 
128 citn 0: 
129 cito 1: 5 
130 citr 1: 86 
131 cits 0: 
132 citt 0: 
133 citu 0: 
134 citv 0: 
135 city 74: 494 487 469 464 458 448 444 442 438 429 428 421 412 411 401 396 394 378 377 373 359 356 349 340 331 330 328 327 326 325 321 317 314 281 279 276 226 222 219 215 209 208 207 204 202 201 199 197 161 159 122 117 96 95 87 85 81 79 77 74 73 72 69 59 55 53 50 49 48 40 28 21 17 13 
136 ciuc 0: 
137 ciug 0: 
138 ciul 0: 
139 ciup 0: 
140 ciuw 0: 
141 civa 0: 
142 civc 0: 
143 cive 1: 259 
144 civl 0: 
145 civm 0: 
146 civs 0: 
147 civv 0: 
148 ciwg 0: 
149 ciws 0: 
150 cixo 0: 
151 cixs 0: 
152 cjab 0: 
153 cjal 0: 
154 cjav 0: 
155 cjaz 0: 
156 cjbm 0: 
157 cjcc 0: 
158 cjcr 0: 
159 cjdc 0: 
160 cjdv 0: 
161 cjej 0: 
162 cjeq 0: 
163 cjfc 0: 
164 cjfm 0: 
165 cjfr 0: 
166 cjgg 0: 
167 cjgo 0: 
168 cjgu 0: 
169 cjha 0: 
170 cjhd 0: 
171 cjhj 0: 
172 cjhu 0: 
173 cjin 0: 
174 cjiq 0: 
175 cjjc 0: 
176 cjjd 0: 
177 cjjl 0: 
178 cjjs 0: 
179 cjkc 0: 
180 cjkm 0: 
181 cjko 0: 
182 cjle 0: 
183 cjll 0: 
184 cjmj 0: 
185 cjmp 0: 
186 cjnf 0: 
187 cjnm 0: 
188 cjoa 0: 
189 cjoy 0: 
190 cjqc 0: 
191 cjqr 0: 
192 cjrr 0: 
193 cjrt 0: 
194 cjsa 0: 
195 cjsf 0: 
196 cjsm 0: 
197 cjst 0: 
198 cjtb 0: 
199 cjtt 0: 
200 cjud 0: 
201 cjuj 0: 
202 cjuu 0: 
203 ckab 1: 191 
204 ckai 0: 
205 ckak 0: 
206 ckas 0: 
207 ckba 1: 126 
208 ckbc 0: 
209 ckbe 0: 
210 ckbf 0: 
211 ckbh 0: 
212 ckbi 0: 
213 ckbo 0: 
214 ckbs 0: 
215 ckbt 0: 
216 ckcd 0: 
217 ckce 0: 
218 ckcf 0: 
219 ckch 1: 286 
220 ckci 0: 
221 ckcj 0: 
222 ckck 0: 
223 ckcl 0: 
224 ckcq 0: 
225 ckcw 0: 
226 ckdb 0: 
227 ckdd 0: 
228 ckde 0: 
229 ckdf 0: 
230 ckdh 0: 
231 ckds 0: 
232 ckdv 0: 
233 ckeb 0: 
234 ckec 0: 
235 cked 10: 459 428 415 391 373 161 144 131 95 6 
236 ckee 0: 
237 ckef 0: 
238 ckei 0: 
239 ckej 0: 
240 ckel 1: 334 
241 cken 3: 180 148 114 
242 ckep 0: 
243 ckeq 0: 
244 cker 10: 420 396 289 270 234 162 148 131 22 13 
245 ckey 5: 229 223 217 216 158 
246 ckfa 0: 
247 ckfc 0: 
248 ckfd 0: 
249 ckfe 0: 
250 ckfi 0: 
251 ckfl 0: 
252 ckfn 0: 
253 ckfr 0: 
254 ckgc 0: 
255 ckgd 0: 
256 ckge 0: 
257 ckgg 0: 
258 ckgk 0: 
259 ckgm 0: 
260 ckgo 0: 
261 ckgp 0: 
262 ckgs 0: 
263 ckha 1: 472 
264 ckhb 0: 
265 ckhc 0: 
266 ckhd 0: 
267 ckhe 0: 
268 ckhf 0: 
269 ckhg 0: 
270 ckhh 0: 
271 ckhi 0: 
272 ckhj 0: 
273 ckhk 0: 
274 ckhp 0: 
275 ckia 0: 
276 ckib 0: 
277 ckic 0: 
278 ckid 0: 
279 ckie 0: 
280 ckif 0: 
281 ckih 0: 
282 ckii 0: 
283 ckij 0: 
284 ckik 0: 
285 ckil 0: 
286 ckin 6: 415 375 128 99 76 45 
287 ckis 1: 452 
288 ckja 0: 
289 ckjb 0: 
290 ckjc 0: 
291 ckje 0: 
292 ckjh 0: 
293 ckkf 0: 
294 ckkg 0: 
295 ckkh 0: 
296 ckkk 0: 
297 ckkv 0: 
298 cklf 0: 
299 cklg 0: 
300 cklm 0: 
301 cklv 0: 
302 ckmb 0: 
303 ckmc 0: 
304 ckmd 0: 
305 ckme 0: 
306 ckml 0: 
307 ckoa 0: 
308 ckon 1: 107 
309 ckpj 0: 
310 ckpm 0: 
311 ckpn 0: 
312 ckpr 0: 
313 ckqe 0: 
314 ckqk 0: 
315 cksd 0: 
316 cksh 0: 
317 cksk 0: 
318 ckst 1: 139 
319 ckts 0: 
320 ckty 0: 
321 ckub 0: 
322 ckum 0: 
323 ckvn 0: 
324 ckzf 0: 
325 clab 0: 
326 clac 0: 
327 clad 1: 488 
328 clag 0: 
329 clai 7: 378 313 272 192 183 114 35 
330 clam 3: 180 157 107 
331 clan 5: 498 392 321 284 151 
332 clap 0: 
333 clar 12: 474 445 389 314 278 275 237 229 186 172 145 131 
334 clas 101: 496 490 489 488 486 484 483 482 479 478 477 468 465 463 460 457 456 455 454 453 452 451 450 449 447 442 440 439 437 436 435 434 421 419 416 408 403 402 399 398 397 384 376 370 367 362 356 349 346 344 343 317 309 291 282 280 268 266 265 261 259 244 239 237 231 217 214 205 203 199 191 189 187 184 182 180 174 170 164 157 155 146 143 135 133 129 116 107 105 100 98 87 85 83 74 73 58 57 50 28 9 
335 clat 1: 480 
336 clau 4: 451 442 154 35 
337 claw 0: 
338 clay 1: 15 
339 clba 0: 
340 clbe 0: 
341 clbk 0: 
342 clcd 0: 
343 clcn 0: 
344 clcu 0: 
345 clda 0: 
346 cldc 0: 
347 clds 0: 
348 cldu 0: 
349 clea 16: 468 407 373 367 323 304 245 226 208 203 193 170 88 62 48 13 
350 cled 1: 154 
351 clee 0: 
352 clef 0: 
353 cleg 0: 
354 clei 3: 431 382 199 
355 clem 0: 
356 clen 0: 
357 cleo 1: 353 
358 clep 0: 
359 cler 5: 408 392 315 314 21 
360 cles 31: 464 460 413 412 407 392 366 351 348 342 330 294 286 264 239 225 188 181 169 154 146 139 124 115 95 54 53 51 37 25 11 
361 clet 0: 
362 clev 0: 
363 clew 0: 
364 clex 0: 
365 clfc 0: 
366 clfo 0: 
367 clfs 0: 
368 clgd 0: 
369 clhd 0: 
370 clhs 0: 
371 clia 0: 
372 clib 0: 
373 clic 0: 
374 clid 1: 414 
375 clif 3: 386 143 120 
376 clim 2: 279 231 
377 clin 9: 436 367 347 231 152 38 36 27 7 
378 clio 0: 
379 clip 3: 147 145 112 
380 clis 1: 231 
381 clit 0: 
382 cliu 1: 283 
383 cliv 1: 153 
384 clix 0: 
385 cljd 0: 
386 clje 0: 
387 cljk 0: 
388 clki 0: 
389 clkl 0: 
390 clkq 0: 
391 clli 0: 
392 cllm 0: 
393 clln 0: 
394 clmb 0: 
395 clmf 0: 
396 clml 0: 
397 clmn 0: 
398 clmp 0: 
399 clmu 0: 
400 clnl 0: 
401 clno 0: 
402 clnp 0: 
403 clns 0: 
404 clnt 0: 
405 clob 0: 
406 cloc 2: 272 10 
407 clod 0: 
408 cloe 0: 
409 clog 1: 157 
410 clon 4: 214 86 71 45 
411 clop 5: 451 382 270 259 157 
412 clos 23: 487 447 420 407 394 384 358 335 315 300 263 227 226 203 153 150 112 109 101 49 48 40 13 
413 clot 1: 128 
414 clow 1: 469 
415 cloy 0: 
416 clpd 0: 
417 clpl 0: 
418 clpx 0: 
419 clpy 0: 
420 clra 0: 
421 clrb 0: 
422 clrc 0: 
423 clrd 0: 
424 clrf 0: 
425 clrg 0: 
426 clrh 0: 
427 clri 0: 
428 clrl 0: 
429 clro 0: 
430 clrp 0: 
431 clrq 0: 
432 clru 0: 
433 clrv 0: 
434 clrw 0: 
435 clsa 0: 
436 clsh 0: 
437 clsi 0: 
438 clss 0: 
439 clst 0: 
440 cltb 0: 
441 clth 0: 
442 cltl 0: 
443 cltp 0: 
444 clts 0: 
445 cltv 0: 
446 cltx 0: 
447 club 38: 476 448 384 342 337 331 330 317 316 312 311 299 291 290 289 287 262 234 222 220 219 217 203 147 105 93 81 80 77 73 70 32 28 27 22 21 17 14 
448 clue 0: 
449 cluf 0: 
450 cluj 0: 
451 clup 0: 
452 clus 8: 390 275 193 179 95 70 35 32 
453 clut 1: 151 
454 clvf 0: 
455 clvm 0: 
456 clvs 0: 
457 clvu 0: 
458 clxx 0: 
459 clyo 0: 
460 cmac 0: 
461 cmaj 0: 
462 cmao 0: 
463 cmap 6: 458 396 387 358 350 325 
464 cmaq 0: 
465 cmas 0: 
466 cmat 0: 
467 cmax 0: 
468 cmay 0: 
469 cmba 0: 
470 cmbg 0: 
471 cmbi 1: 353 
472 cmbk 0: 
473 cmbm 0: 
474 cmbt 0: 
475 cmbx 0: 
476 cmcd 0: 
477 cmch 0: 
478 cmci 0: 
479 cmcl 0: 
480 cmcn 0: 
481 cmco 0: 
482 cmcq 0: 
483 cmcs 0: 
484 cmdQ 0: 
485 cmda 0: 
486 cmdb 0: 
487 cmdc 0: 
488 cmde 0: 
489 cmdg 0: 
490 cmdi 0: 
491 cmdl 0: 
492 cmdo 0: 
493 cmdp 0: 
494 cmdr 0: 
495 cmds 0: 
496 cmdt 0: 
497 cmea 0: 
498 cmed 0: 
499 cmej 0: 
The run on 2 cores took 0.137880 seconds for 500 words
DATA, 2, 500, 500, 0.137880, 241548, 11472
