[elf37:31393] *** Process received signal ***
[elf37:31393] Signal: Segmentation fault (11)
[elf37:31393] Signal code: Address not mapped (1)
[elf37:31393] Failing at address: 0x7fb1d61ba010
[elf37:31393] [ 0] /lib64/libpthread.so.0(+0xf5d0)[0x7fb3741f35d0]
[elf37:31393] [ 1] /homes/tmoddelmog/HW4/CIS625_group/HW5/./hw5_fix_v2[0x402cfa]
[elf37:31393] [ 2] /opt/software/software/ifort/2019.1.144-GCC-8.2.0-2.31.1/compilers_and_libraries_2019.1.144/linux/compiler/lib/intel64/libiomp5.so(__kmp_invoke_microtask+0x93)[0x7fb3744ed103]
[elf37:31393] [ 3] /opt/software/software/ifort/2019.1.144-GCC-8.2.0-2.31.1/compilers_and_libraries_2019.1.144/linux/compiler/lib/intel64/libiomp5.so(+0xae94b)[0x7fb3744ae94b]
[elf37:31393] [ 4] /opt/software/software/ifort/2019.1.144-GCC-8.2.0-2.31.1/compilers_and_libraries_2019.1.144/linux/compiler/lib/intel64/libiomp5.so(+0xade74)[0x7fb3744ade74]
[elf37:31393] [ 5] /opt/software/software/ifort/2019.1.144-GCC-8.2.0-2.31.1/compilers_and_libraries_2019.1.144/linux/compiler/lib/intel64/libiomp5.so(+0xed571)[0x7fb3744ed571]
[elf37:31393] [ 6] /lib64/libpthread.so.0(+0x7dd5)[0x7fb3741ebdd5]
[elf37:31393] [ 7] /lib64/libc.so.6(clone+0x6d)[0x7fb373f14ead]
[elf37:31393] *** End of error message ***
srun: error: elf37: task 0: Segmentation fault
[elf37:31484] *** Process received signal ***
[elf37:31484] Signal: Segmentation fault (11)
[elf37:31484] Signal code: Address not mapped (1)
[elf37:31484] Failing at address: 0x7fc19ceca010
srun: error: elf37: task 0: Segmentation fault
[elf37:31484] [ 0] /lib64/libpthread.so.0(+0xf5d0)[0x7fc33af005d0]
[elf37:31484] [ 1] /homes/tmoddelmog/HW4/CIS625_group/HW5/./hw5_fix_v2[0x402cfa]
[elf37:31484] [ 2] /opt/software/software/ifort/2019.1.144-GCC-8.2.0-2.31.1/compilers_and_libraries_2019.1.144/linux/compiler/lib/intel64/libiomp5.so(__kmp_invoke_microtask+0x93)[0x7fc33b1fa103]
[elf37:31484] [ 3] /opt/software/software/ifort/2019.1.144-GCC-8.2.0-2.31.1/compilers_and_libraries_2019.1.144/linux/compiler/lib/intel64/libiomp5.so(+0xae94b)[0x7fc33b1bb94b]
[elf37:31484] [ 4] /opt/software/software/ifort/2019.1.144-GCC-8.2.0-2.31.1/compilers_and_libraries_2019.1.144/linux/compiler/lib/intel64/libiomp5.so(+0xade74)[0x7fc33b1bae74]
[elf37:31484] [ 5] /opt/software/software/ifort/2019.1.144-GCC-8.2.0-2.31.1/compilers_and_libraries_2019.1.144/linux/compiler/lib/intel64/libiomp5.so(+0xed571)[0x7fc33b1fa571]
[elf37:31484] [ 6] /lib64/libpthread.so.0(+0x7dd5)[0x7fc33aef8dd5]
[elf37:31484] [ 7] /lib64/libc.so.6(clone+0x6d)[0x7fc33ac21ead]
[elf37:31484] *** End of error message ***
[elf37:31562] *** Process received signal ***
[elf37:31562] Signal: Segmentation fault (11)
[elf37:31562] Signal code: Address not mapped (1)
[elf37:31562] Failing at address: 0x7f32f6979810
[elf37:31562] [ 0] /lib64/libpthread.so.0(+0xf5d0)[0x7f344c2425d0]
[elf37:31562] [ 1] /homes/tmoddelmog/HW4/CIS625_group/HW5/./hw5_fix_v2[0x402cfa]
[elf37:31562] [ 2] /opt/software/software/ifort/2019.1.144-GCC-8.2.0-2.31.1/compilers_and_libraries_2019.1.144/linux/compiler/lib/intel64/libiomp5.so(__kmp_invoke_microtask+0x93)[0x7f344c53c103]
[elf37:31562] [ 3] /opt/software/software/ifort/2019.1.144-GCC-8.2.0-2.31.1/compilers_and_libraries_2019.1.144/linux/compiler/lib/intel64/libiomp5.so(+0xae94b)[0x7f344c4fd94b]
[elf37:31562] [ 4] /opt/software/software/ifort/2019.1.144-GCC-8.2.0-2.31.1/compilers_and_libraries_2019.1.144/linux/compiler/lib/intel64/libiomp5.so(+0xade74)[0x7f344c4fce74]
srun: error: elf37: task 0: Segmentation fault
[elf37:31562] [ 5] /opt/software/software/ifort/2019.1.144-GCC-8.2.0-2.31.1/compilers_and_libraries_2019.1.144/linux/compiler/lib/intel64/libiomp5.so(+0xed571)[0x7f344c53c571]
[elf37:31562] [ 6] /lib64/libpthread.so.0(+0x7dd5)[0x7f344c23add5]
[elf37:31562] [ 7] /lib64/libc.so.6(clone+0x6d)[0x7f344bf63ead]
[elf37:31562] *** End of error message ***
[elf37:31633] *** Process received signal ***
[elf37:31633] Signal: Segmentation fault (11)
[elf37:31633] Signal code: Address not mapped (1)
[elf37:31633] Failing at address: 0x7f39d109f810
[elf37:31633] [ 0] /lib64/libpthread.so.0(+0xf5d0)[0x7f3b269685d0]
[elf37:31633] [ 1] /homes/tmoddelmog/HW4/CIS625_group/HW5/./hw5_fix_v2[0x402cfa]
[elf37:31633] [ 2] /opt/software/software/ifort/2019.1.144-GCC-8.2.0-2.31.1/compilers_and_libraries_2019.1.144/linux/compiler/lib/intel64/libiomp5.so(__kmp_invoke_microtask+0x93)[0x7f3b26c62103]
[elf37:31633] [ 3] /opt/software/software/ifort/2019.1.144-GCC-8.2.0-2.31.1/compilers_and_libraries_2019.1.144/linux/compiler/lib/intel64/libiomp5.so(+0xae94b)[0x7f3b26c2394b]
[elf37:31633] [ 4] /opt/software/software/ifort/2019.1.144-GCC-8.2.0-2.31.1/compilers_and_libraries_2019.1.144/linux/compiler/lib/intel64/libiomp5.so(+0xade74)[0x7f3b26c22e74]
srun: error: elf37: task 0: Segmentation fault
[elf37:31633] [ 5] /opt/software/software/ifort/2019.1.144-GCC-8.2.0-2.31.1/compilers_and_libraries_2019.1.144/linux/compiler/lib/intel64/libiomp5.so(+0xed571)[0x7f3b26c62571]
[elf37:31633] [ 6] /lib64/libpthread.so.0(+0x7dd5)[0x7f3b26960dd5]
[elf37:31633] [ 7] /lib64/libc.so.6(clone+0x6d)[0x7f3b26689ead]
[elf37:31633] *** End of error message ***
[elf37:31706] *** Process received signal ***
[elf37:31706] Signal: Segmentation fault (11)
[elf37:31706] Signal code: Address not mapped (1)
[elf37:31706] Failing at address: 0x7f46da1e6810
[elf37:31706] [ 0] /lib64/libpthread.so.0(+0xf5d0)[0x7f482faaa5d0]
[elf37:31706] [ 1] /homes/tmoddelmog/HW4/CIS625_group/HW5/./hw5_fix_v2[0x402cfa]
[elf37:31706] [ 2] /opt/software/software/ifort/2019.1.144-GCC-8.2.0-2.31.1/compilers_and_libraries_2019.1.144/linux/compiler/lib/intel64/libiomp5.so(__kmp_invoke_microtask+0x93)[0x7f482fda4103]
[elf37:31706] [ 3] /opt/software/software/ifort/2019.1.144-GCC-8.2.0-2.31.1/compilers_and_libraries_2019.1.144/linux/compiler/lib/intel64/libiomp5.so(+0xae94b)[0x7f482fd6594b]
[elf37:31706] [ 4] /opt/software/software/ifort/2019.1.144-GCC-8.2.0-2.31.1/compilers_and_libraries_2019.1.144/linux/compiler/lib/intel64/libiomp5.so(+0xade74)[0x7f482fd64e74]
srun: error: elf37: task 0: Segmentation fault
[elf37:31706] [ 5] /opt/software/software/ifort/2019.1.144-GCC-8.2.0-2.31.1/compilers_and_libraries_2019.1.144/linux/compiler/lib/intel64/libiomp5.so(+0xed571)[0x7f482fda4571]
[elf37:31706] [ 6] /lib64/libpthread.so.0(+0x7dd5)[0x7f482faa2dd5]
[elf37:31706] [ 7] /lib64/libc.so.6(clone+0x6d)[0x7f482f7cbead]
[elf37:31706] *** End of error message ***
